Connecting to database specified by database.yml
Connecting to database specified by database.yml


Started GET "/assets/rails.png" for 127.0.0.1 at 2015-09-21 15:24:29 -0700

Mysql2::Error (Access denied for user 'root'@'localhost' (using password: NO)):
  mysql2 (0.4.1) lib/mysql2/client.rb:79:in `connect'
  mysql2 (0.4.1) lib/mysql2/client.rb:79:in `initialize'
  /usr/lib/ruby/vendor_ruby/active_record/connection_adapters/mysql2_adapter.rb:15:in `new'
  /usr/lib/ruby/vendor_ruby/active_record/connection_adapters/mysql2_adapter.rb:15:in `mysql2_connection'
  /usr/lib/ruby/vendor_ruby/active_record/connection_adapters/abstract/connection_pool.rb:315:in `new_connection'
  /usr/lib/ruby/vendor_ruby/active_record/connection_adapters/abstract/connection_pool.rb:325:in `checkout_new_connection'
  /usr/lib/ruby/vendor_ruby/active_record/connection_adapters/abstract/connection_pool.rb:247:in `block (2 levels) in checkout'
  /usr/lib/ruby/vendor_ruby/active_record/connection_adapters/abstract/connection_pool.rb:242:in `loop'
  /usr/lib/ruby/vendor_ruby/active_record/connection_adapters/abstract/connection_pool.rb:242:in `block in checkout'
  /usr/lib/ruby/1.9.1/monitor.rb:211:in `mon_synchronize'
  /usr/lib/ruby/vendor_ruby/active_record/connection_adapters/abstract/connection_pool.rb:239:in `checkout'
  /usr/lib/ruby/vendor_ruby/active_record/connection_adapters/abstract/connection_pool.rb:102:in `block in connection'
  /usr/lib/ruby/1.9.1/monitor.rb:211:in `mon_synchronize'
  /usr/lib/ruby/vendor_ruby/active_record/connection_adapters/abstract/connection_pool.rb:101:in `connection'
  /usr/lib/ruby/vendor_ruby/active_record/connection_adapters/abstract/connection_pool.rb:410:in `retrieve_connection'
  /usr/lib/ruby/vendor_ruby/active_record/connection_adapters/abstract/connection_specification.rb:171:in `retrieve_connection'
  /usr/lib/ruby/vendor_ruby/active_record/connection_adapters/abstract/connection_specification.rb:145:in `connection'
  /usr/lib/ruby/vendor_ruby/active_record/query_cache.rb:67:in `rescue in call'
  /usr/lib/ruby/vendor_ruby/active_record/query_cache.rb:61:in `call'
  /usr/lib/ruby/vendor_ruby/active_record/connection_adapters/abstract/connection_pool.rb:479:in `call'
  /usr/lib/ruby/vendor_ruby/action_dispatch/middleware/callbacks.rb:28:in `block in call'
  /usr/lib/ruby/vendor_ruby/active_support/callbacks.rb:405:in `_run__1272047298060606701__call__3212480445478689788__callbacks'
  /usr/lib/ruby/vendor_ruby/active_support/callbacks.rb:405:in `__run_callback'
  /usr/lib/ruby/vendor_ruby/active_support/callbacks.rb:385:in `_run_call_callbacks'
  /usr/lib/ruby/vendor_ruby/active_support/callbacks.rb:81:in `run_callbacks'
  /usr/lib/ruby/vendor_ruby/action_dispatch/middleware/callbacks.rb:27:in `call'
  /usr/lib/ruby/vendor_ruby/action_dispatch/middleware/reloader.rb:65:in `call'
  /usr/lib/ruby/vendor_ruby/action_dispatch/middleware/remote_ip.rb:31:in `call'
  /usr/lib/ruby/vendor_ruby/action_dispatch/middleware/debug_exceptions.rb:16:in `call'
  /usr/lib/ruby/vendor_ruby/action_dispatch/middleware/show_exceptions.rb:56:in `call'
  /usr/lib/ruby/vendor_ruby/rails/rack/logger.rb:32:in `call_app'
  /usr/lib/ruby/vendor_ruby/rails/rack/logger.rb:16:in `block in call'
  /usr/lib/ruby/vendor_ruby/active_support/tagged_logging.rb:22:in `tagged'
  /usr/lib/ruby/vendor_ruby/rails/rack/logger.rb:16:in `call'
  /usr/lib/ruby/vendor_ruby/action_dispatch/middleware/request_id.rb:22:in `call'
  rack (1.6.4) lib/rack/methodoverride.rb:22:in `call'
  rack (1.6.4) lib/rack/runtime.rb:18:in `call'
  /usr/lib/ruby/vendor_ruby/active_support/cache/strategy/local_cache.rb:72:in `call'
  rack (1.6.4) lib/rack/lock.rb:17:in `call'
  /usr/lib/ruby/vendor_ruby/action_dispatch/middleware/static.rb:63:in `call'
  /usr/lib/ruby/vendor_ruby/rails/engine.rb:484:in `call'
  /usr/lib/ruby/vendor_ruby/rails/application.rb:231:in `call'
  /usr/lib/ruby/vendor_ruby/rails/railtie/configurable.rb:30:in `method_missing'
  passenger (5.0.18) lib/phusion_passenger/rack/thread_handler_extension.rb:94:in `process_request'
  passenger (5.0.18) lib/phusion_passenger/request_handler/thread_handler.rb:149:in `accept_and_process_next_request'
  passenger (5.0.18) lib/phusion_passenger/request_handler/thread_handler.rb:110:in `main_loop'
  passenger (5.0.18) lib/phusion_passenger/request_handler.rb:415:in `block (3 levels) in start_threads'
  passenger (5.0.18) lib/phusion_passenger/utils.rb:112:in `block in create_thread_and_abort_on_exception'


  Rendered /usr/lib/ruby/vendor_ruby/action_dispatch/middleware/templates/rescues/_trace.erb (25.9ms)
  Rendered /usr/lib/ruby/vendor_ruby/action_dispatch/middleware/templates/rescues/_request_and_response.erb (62.5ms)
  Rendered /usr/lib/ruby/vendor_ruby/action_dispatch/middleware/templates/rescues/diagnostics.erb within rescues/layout (361.3ms)


Started GET "/rails/info/properties" for 127.0.0.1 at 2015-09-21 15:24:31 -0700

Mysql2::Error (Access denied for user 'root'@'localhost' (using password: NO)):
  mysql2 (0.4.1) lib/mysql2/client.rb:79:in `connect'
  mysql2 (0.4.1) lib/mysql2/client.rb:79:in `initialize'
  /usr/lib/ruby/vendor_ruby/active_record/connection_adapters/mysql2_adapter.rb:15:in `new'
  /usr/lib/ruby/vendor_ruby/active_record/connection_adapters/mysql2_adapter.rb:15:in `mysql2_connection'
  /usr/lib/ruby/vendor_ruby/active_record/connection_adapters/abstract/connection_pool.rb:315:in `new_connection'
  /usr/lib/ruby/vendor_ruby/active_record/connection_adapters/abstract/connection_pool.rb:325:in `checkout_new_connection'
  /usr/lib/ruby/vendor_ruby/active_record/connection_adapters/abstract/connection_pool.rb:247:in `block (2 levels) in checkout'
  /usr/lib/ruby/vendor_ruby/active_record/connection_adapters/abstract/connection_pool.rb:242:in `loop'
  /usr/lib/ruby/vendor_ruby/active_record/connection_adapters/abstract/connection_pool.rb:242:in `block in checkout'
  /usr/lib/ruby/1.9.1/monitor.rb:211:in `mon_synchronize'
  /usr/lib/ruby/vendor_ruby/active_record/connection_adapters/abstract/connection_pool.rb:239:in `checkout'
  /usr/lib/ruby/vendor_ruby/active_record/connection_adapters/abstract/connection_pool.rb:102:in `block in connection'
  /usr/lib/ruby/1.9.1/monitor.rb:211:in `mon_synchronize'
  /usr/lib/ruby/vendor_ruby/active_record/connection_adapters/abstract/connection_pool.rb:101:in `connection'
  /usr/lib/ruby/vendor_ruby/active_record/connection_adapters/abstract/connection_pool.rb:410:in `retrieve_connection'
  /usr/lib/ruby/vendor_ruby/active_record/connection_adapters/abstract/connection_specification.rb:171:in `retrieve_connection'
  /usr/lib/ruby/vendor_ruby/active_record/connection_adapters/abstract/connection_specification.rb:145:in `connection'
  /usr/lib/ruby/vendor_ruby/active_record/query_cache.rb:67:in `rescue in call'
  /usr/lib/ruby/vendor_ruby/active_record/query_cache.rb:61:in `call'
  /usr/lib/ruby/vendor_ruby/active_record/connection_adapters/abstract/connection_pool.rb:479:in `call'
  /usr/lib/ruby/vendor_ruby/action_dispatch/middleware/callbacks.rb:28:in `block in call'
  /usr/lib/ruby/vendor_ruby/active_support/callbacks.rb:405:in `_run__1272047298060606701__call__3212480445478689788__callbacks'
  /usr/lib/ruby/vendor_ruby/active_support/callbacks.rb:405:in `__run_callback'
  /usr/lib/ruby/vendor_ruby/active_support/callbacks.rb:385:in `_run_call_callbacks'
  /usr/lib/ruby/vendor_ruby/active_support/callbacks.rb:81:in `run_callbacks'
  /usr/lib/ruby/vendor_ruby/action_dispatch/middleware/callbacks.rb:27:in `call'
  /usr/lib/ruby/vendor_ruby/action_dispatch/middleware/reloader.rb:65:in `call'
  /usr/lib/ruby/vendor_ruby/action_dispatch/middleware/remote_ip.rb:31:in `call'
  /usr/lib/ruby/vendor_ruby/action_dispatch/middleware/debug_exceptions.rb:16:in `call'
  /usr/lib/ruby/vendor_ruby/action_dispatch/middleware/show_exceptions.rb:56:in `call'
  /usr/lib/ruby/vendor_ruby/rails/rack/logger.rb:32:in `call_app'
  /usr/lib/ruby/vendor_ruby/rails/rack/logger.rb:16:in `block in call'
  /usr/lib/ruby/vendor_ruby/active_support/tagged_logging.rb:22:in `tagged'
  /usr/lib/ruby/vendor_ruby/rails/rack/logger.rb:16:in `call'
  /usr/lib/ruby/vendor_ruby/action_dispatch/middleware/request_id.rb:22:in `call'
  rack (1.6.4) lib/rack/methodoverride.rb:22:in `call'
  rack (1.6.4) lib/rack/runtime.rb:18:in `call'
  /usr/lib/ruby/vendor_ruby/active_support/cache/strategy/local_cache.rb:72:in `call'
  rack (1.6.4) lib/rack/lock.rb:17:in `call'
  /usr/lib/ruby/vendor_ruby/action_dispatch/middleware/static.rb:63:in `call'
  /usr/lib/ruby/vendor_ruby/rails/engine.rb:484:in `call'
  /usr/lib/ruby/vendor_ruby/rails/application.rb:231:in `call'
  /usr/lib/ruby/vendor_ruby/rails/railtie/configurable.rb:30:in `method_missing'
  passenger (5.0.18) lib/phusion_passenger/rack/thread_handler_extension.rb:94:in `process_request'
  passenger (5.0.18) lib/phusion_passenger/request_handler/thread_handler.rb:149:in `accept_and_process_next_request'
  passenger (5.0.18) lib/phusion_passenger/request_handler/thread_handler.rb:110:in `main_loop'
  passenger (5.0.18) lib/phusion_passenger/request_handler.rb:415:in `block (3 levels) in start_threads'
  passenger (5.0.18) lib/phusion_passenger/utils.rb:112:in `block in create_thread_and_abort_on_exception'


  Rendered /usr/lib/ruby/vendor_ruby/action_dispatch/middleware/templates/rescues/_trace.erb (2.3ms)
  Rendered /usr/lib/ruby/vendor_ruby/action_dispatch/middleware/templates/rescues/_request_and_response.erb (5.6ms)
  Rendered /usr/lib/ruby/vendor_ruby/action_dispatch/middleware/templates/rescues/diagnostics.erb within rescues/layout (59.3ms)


Started GET "/home" for 127.0.0.1 at 2015-09-21 15:24:49 -0700

Mysql2::Error (Access denied for user 'root'@'localhost' (using password: NO)):
  mysql2 (0.4.1) lib/mysql2/client.rb:79:in `connect'
  mysql2 (0.4.1) lib/mysql2/client.rb:79:in `initialize'
  /usr/lib/ruby/vendor_ruby/active_record/connection_adapters/mysql2_adapter.rb:15:in `new'
  /usr/lib/ruby/vendor_ruby/active_record/connection_adapters/mysql2_adapter.rb:15:in `mysql2_connection'
  /usr/lib/ruby/vendor_ruby/active_record/connection_adapters/abstract/connection_pool.rb:315:in `new_connection'
  /usr/lib/ruby/vendor_ruby/active_record/connection_adapters/abstract/connection_pool.rb:325:in `checkout_new_connection'
  /usr/lib/ruby/vendor_ruby/active_record/connection_adapters/abstract/connection_pool.rb:247:in `block (2 levels) in checkout'
  /usr/lib/ruby/vendor_ruby/active_record/connection_adapters/abstract/connection_pool.rb:242:in `loop'
  /usr/lib/ruby/vendor_ruby/active_record/connection_adapters/abstract/connection_pool.rb:242:in `block in checkout'
  /usr/lib/ruby/1.9.1/monitor.rb:211:in `mon_synchronize'
  /usr/lib/ruby/vendor_ruby/active_record/connection_adapters/abstract/connection_pool.rb:239:in `checkout'
  /usr/lib/ruby/vendor_ruby/active_record/connection_adapters/abstract/connection_pool.rb:102:in `block in connection'
  /usr/lib/ruby/1.9.1/monitor.rb:211:in `mon_synchronize'
  /usr/lib/ruby/vendor_ruby/active_record/connection_adapters/abstract/connection_pool.rb:101:in `connection'
  /usr/lib/ruby/vendor_ruby/active_record/connection_adapters/abstract/connection_pool.rb:410:in `retrieve_connection'
  /usr/lib/ruby/vendor_ruby/active_record/connection_adapters/abstract/connection_specification.rb:171:in `retrieve_connection'
  /usr/lib/ruby/vendor_ruby/active_record/connection_adapters/abstract/connection_specification.rb:145:in `connection'
  /usr/lib/ruby/vendor_ruby/active_record/query_cache.rb:67:in `rescue in call'
  /usr/lib/ruby/vendor_ruby/active_record/query_cache.rb:61:in `call'
  /usr/lib/ruby/vendor_ruby/active_record/connection_adapters/abstract/connection_pool.rb:479:in `call'
  /usr/lib/ruby/vendor_ruby/action_dispatch/middleware/callbacks.rb:28:in `block in call'
  /usr/lib/ruby/vendor_ruby/active_support/callbacks.rb:405:in `_run__1272047298060606701__call__3212480445478689788__callbacks'
  /usr/lib/ruby/vendor_ruby/active_support/callbacks.rb:405:in `__run_callback'
  /usr/lib/ruby/vendor_ruby/active_support/callbacks.rb:385:in `_run_call_callbacks'
  /usr/lib/ruby/vendor_ruby/active_support/callbacks.rb:81:in `run_callbacks'
  /usr/lib/ruby/vendor_ruby/action_dispatch/middleware/callbacks.rb:27:in `call'
  /usr/lib/ruby/vendor_ruby/action_dispatch/middleware/reloader.rb:65:in `call'
  /usr/lib/ruby/vendor_ruby/action_dispatch/middleware/remote_ip.rb:31:in `call'
  /usr/lib/ruby/vendor_ruby/action_dispatch/middleware/debug_exceptions.rb:16:in `call'
  /usr/lib/ruby/vendor_ruby/action_dispatch/middleware/show_exceptions.rb:56:in `call'
  /usr/lib/ruby/vendor_ruby/rails/rack/logger.rb:32:in `call_app'
  /usr/lib/ruby/vendor_ruby/rails/rack/logger.rb:16:in `block in call'
  /usr/lib/ruby/vendor_ruby/active_support/tagged_logging.rb:22:in `tagged'
  /usr/lib/ruby/vendor_ruby/rails/rack/logger.rb:16:in `call'
  /usr/lib/ruby/vendor_ruby/action_dispatch/middleware/request_id.rb:22:in `call'
  rack (1.6.4) lib/rack/methodoverride.rb:22:in `call'
  rack (1.6.4) lib/rack/runtime.rb:18:in `call'
  /usr/lib/ruby/vendor_ruby/active_support/cache/strategy/local_cache.rb:72:in `call'
  rack (1.6.4) lib/rack/lock.rb:17:in `call'
  /usr/lib/ruby/vendor_ruby/action_dispatch/middleware/static.rb:63:in `call'
  /usr/lib/ruby/vendor_ruby/rails/engine.rb:484:in `call'
  /usr/lib/ruby/vendor_ruby/rails/application.rb:231:in `call'
  /usr/lib/ruby/vendor_ruby/rails/railtie/configurable.rb:30:in `method_missing'
  passenger (5.0.18) lib/phusion_passenger/rack/thread_handler_extension.rb:94:in `process_request'
  passenger (5.0.18) lib/phusion_passenger/request_handler/thread_handler.rb:149:in `accept_and_process_next_request'
  passenger (5.0.18) lib/phusion_passenger/request_handler/thread_handler.rb:110:in `main_loop'
  passenger (5.0.18) lib/phusion_passenger/request_handler.rb:415:in `block (3 levels) in start_threads'
  passenger (5.0.18) lib/phusion_passenger/utils.rb:112:in `block in create_thread_and_abort_on_exception'


  Rendered /usr/lib/ruby/vendor_ruby/action_dispatch/middleware/templates/rescues/_trace.erb (10.6ms)
  Rendered /usr/lib/ruby/vendor_ruby/action_dispatch/middleware/templates/rescues/_request_and_response.erb (9.2ms)
  Rendered /usr/lib/ruby/vendor_ruby/action_dispatch/middleware/templates/rescues/diagnostics.erb within rescues/layout (74.1ms)
