[ 2015-09-21 15:17:26.6935 6796/7f935fe65780 age/Wat/WatchdogMain.cpp:1274 ]: Starting Passenger watchdog...
[ 2015-09-21 15:17:26.7056 6799/7fc17f40a780 age/Cor/CoreMain.cpp:957 ]: Starting Passenger core...
[ 2015-09-21 15:17:26.7059 6799/7fc17f40a780 age/Cor/CoreMain.cpp:234 ]: Passenger core running in multi-application mode.
[ 2015-09-21 15:17:26.7101 6799/7fc17f40a780 age/Cor/CoreMain.cpp:707 ]: Passenger core online, PID 6799
[ 2015-09-21 15:17:26.7252 6804/7fb4c83b8780 age/Ust/UstRouterMain.cpp:430 ]: Starting Passenger UstRouter...
[ 2015-09-21 15:17:26.7263 6804/7fb4c83b8780 age/Ust/UstRouterMain.cpp:311 ]: Passenger UstRouter online, PID 6804
App 6835 stdout: 
App 6835 stdout: 
[ 2015-09-21 15:17:59.4591 6799/7fc17c3be700 App/Implementation.cpp:303 ]: Could not spawn process for application /home/hughesk/myapp: An error occured while starting up the preloader.
  Error ID: 4b18939f
  Error details saved to: /tmp/passenger-error-1MkFio.html
  Message from application: Could not find a JavaScript runtime. See https://github.com/rails/execjs for a list of available runtimes. (ExecJS::RuntimeUnavailable)
  /var/lib/gems/1.9.1/gems/execjs-2.6.0/lib/execjs/runtimes.rb:48:in `autodetect'
  /var/lib/gems/1.9.1/gems/execjs-2.6.0/lib/execjs.rb:5:in `<module:ExecJS>'
  /var/lib/gems/1.9.1/gems/execjs-2.6.0/lib/execjs.rb:4:in `<top (required)>'
  /var/lib/gems/1.9.1/gems/coffee-script-2.4.1/lib/coffee_script.rb:1:in `require'
  /var/lib/gems/1.9.1/gems/coffee-script-2.4.1/lib/coffee_script.rb:1:in `<top (required)>'
  /var/lib/gems/1.9.1/gems/coffee-script-2.4.1/lib/coffee-script.rb:1:in `require'
  /var/lib/gems/1.9.1/gems/coffee-script-2.4.1/lib/coffee-script.rb:1:in `<top (required)>'
  /var/lib/gems/1.9.1/gems/coffee-rails-3.2.2/lib/coffee-rails.rb:1:in `require'
  /var/lib/gems/1.9.1/gems/coffee-rails-3.2.2/lib/coffee-rails.rb:1:in `<top (required)>'
  /var/lib/gems/1.9.1/gems/bundler-1.10.6/lib/bundler/runtime.rb:76:in `require'
  /var/lib/gems/1.9.1/gems/bundler-1.10.6/lib/bundler/runtime.rb:76:in `block (2 levels) in require'
  /var/lib/gems/1.9.1/gems/bundler-1.10.6/lib/bundler/runtime.rb:72:in `each'
  /var/lib/gems/1.9.1/gems/bundler-1.10.6/lib/bundler/runtime.rb:72:in `block in require'
  /var/lib/gems/1.9.1/gems/bundler-1.10.6/lib/bundler/runtime.rb:61:in `each'
  /var/lib/gems/1.9.1/gems/bundler-1.10.6/lib/bundler/runtime.rb:61:in `require'
  /var/lib/gems/1.9.1/gems/bundler-1.10.6/lib/bundler.rb:134:in `require'
  /home/hughesk/myapp/config/application.rb:7:in `<top (required)>'
  /home/hughesk/myapp/config/environment.rb:2:in `require'
  /home/hughesk/myapp/config/environment.rb:2:in `<top (required)>'
  /home/hughesk/myapp/config.ru:3:in `require'
  /home/hughesk/myapp/config.ru:3:in `block in <main>'
  /var/lib/gems/1.9.1/gems/rack-1.6.4/lib/rack/builder.rb:55:in `instance_eval'
  /var/lib/gems/1.9.1/gems/rack-1.6.4/lib/rack/builder.rb:55:in `initialize'
  /home/hughesk/myapp/config.ru:1:in `new'
  /home/hughesk/myapp/config.ru:1:in `<main>'
  /var/lib/gems/1.9.1/gems/passenger-5.0.18/helper-scripts/rack-preloader.rb:107:in `eval'
  /var/lib/gems/1.9.1/gems/passenger-5.0.18/helper-scripts/rack-preloader.rb:107:in `preload_app'
  /var/lib/gems/1.9.1/gems/passenger-5.0.18/helper-scripts/rack-preloader.rb:153:in `<module:App>'
  /var/lib/gems/1.9.1/gems/passenger-5.0.18/helper-scripts/rack-preloader.rb:29:in `<module:PhusionPassenger>'
  /var/lib/gems/1.9.1/gems/passenger-5.0.18/helper-scripts/rack-preloader.rb:28:in `<main>'


[ 2015-09-21 15:17:59.5786 6799/7fc17d3c0700 age/Cor/Req/CheckoutSession.cpp:252 ]: [Client 1-1] Cannot checkout session because a spawning error occurred. The identifier of the error is 4b18939f. Please see earlier logs for details about the error.
[ 2015-09-21 15:17:59.5974 6799/7fc17d3c0700 age/Cor/Req/CheckoutSession.cpp:252 ]: [Client 1-2] Cannot checkout session because a spawning error occurred. The identifier of the error is 4b18939f. Please see earlier logs for details about the error.
App 6860 stdout: 
App 6860 stdout: 
[ 2015-09-21 15:18:21.4467 6799/7fc17c3be700 App/Implementation.cpp:303 ]: Could not spawn process for application /home/hughesk/myapp: An error occured while starting up the preloader.
  Error ID: 70b09554
  Error details saved to: /tmp/passenger-error-hItW7T.html
  Message from application: Could not find a JavaScript runtime. See https://github.com/rails/execjs for a list of available runtimes. (ExecJS::RuntimeUnavailable)
  /var/lib/gems/1.9.1/gems/execjs-2.6.0/lib/execjs/runtimes.rb:48:in `autodetect'
  /var/lib/gems/1.9.1/gems/execjs-2.6.0/lib/execjs.rb:5:in `<module:ExecJS>'
  /var/lib/gems/1.9.1/gems/execjs-2.6.0/lib/execjs.rb:4:in `<top (required)>'
  /var/lib/gems/1.9.1/gems/coffee-script-2.4.1/lib/coffee_script.rb:1:in `require'
  /var/lib/gems/1.9.1/gems/coffee-script-2.4.1/lib/coffee_script.rb:1:in `<top (required)>'
  /var/lib/gems/1.9.1/gems/coffee-script-2.4.1/lib/coffee-script.rb:1:in `require'
  /var/lib/gems/1.9.1/gems/coffee-script-2.4.1/lib/coffee-script.rb:1:in `<top (required)>'
  /var/lib/gems/1.9.1/gems/coffee-rails-3.2.2/lib/coffee-rails.rb:1:in `require'
  /var/lib/gems/1.9.1/gems/coffee-rails-3.2.2/lib/coffee-rails.rb:1:in `<top (required)>'
  /var/lib/gems/1.9.1/gems/bundler-1.10.6/lib/bundler/runtime.rb:76:in `require'
  /var/lib/gems/1.9.1/gems/bundler-1.10.6/lib/bundler/runtime.rb:76:in `block (2 levels) in require'
  /var/lib/gems/1.9.1/gems/bundler-1.10.6/lib/bundler/runtime.rb:72:in `each'
  /var/lib/gems/1.9.1/gems/bundler-1.10.6/lib/bundler/runtime.rb:72:in `block in require'
  /var/lib/gems/1.9.1/gems/bundler-1.10.6/lib/bundler/runtime.rb:61:in `each'
  /var/lib/gems/1.9.1/gems/bundler-1.10.6/lib/bundler/runtime.rb:61:in `require'
  /var/lib/gems/1.9.1/gems/bundler-1.10.6/lib/bundler.rb:134:in `require'
  /home/hughesk/myapp/config/application.rb:7:in `<top (required)>'
  /home/hughesk/myapp/config/environment.rb:2:in `require'
  /home/hughesk/myapp/config/environment.rb:2:in `<top (required)>'
  /home/hughesk/myapp/config.ru:3:in `require'
  /home/hughesk/myapp/config.ru:3:in `block in <main>'
  /var/lib/gems/1.9.1/gems/rack-1.6.4/lib/rack/builder.rb:55:in `instance_eval'
  /var/lib/gems/1.9.1/gems/rack-1.6.4/lib/rack/builder.rb:55:in `initialize'
  /home/hughesk/myapp/config.ru:1:in `new'
  /home/hughesk/myapp/config.ru:1:in `<main>'
  /var/lib/gems/1.9.1/gems/passenger-5.0.18/helper-scripts/rack-preloader.rb:107:in `eval'
  /var/lib/gems/1.9.1/gems/passenger-5.0.18/helper-scripts/rack-preloader.rb:107:in `preload_app'
  /var/lib/gems/1.9.1/gems/passenger-5.0.18/helper-scripts/rack-preloader.rb:153:in `<module:App>'
  /var/lib/gems/1.9.1/gems/passenger-5.0.18/helper-scripts/rack-preloader.rb:29:in `<module:PhusionPassenger>'
  /var/lib/gems/1.9.1/gems/passenger-5.0.18/helper-scripts/rack-preloader.rb:28:in `<main>'


[ 2015-09-21 15:18:21.4863 6799/7fc17d3c0700 age/Cor/Req/CheckoutSession.cpp:252 ]: [Client 1-3] Cannot checkout session because a spawning error occurred. The identifier of the error is 70b09554. Please see earlier logs for details about the error.
App 6879 stdout: 
App 6879 stdout: 
[ 2015-09-21 15:18:30.6979 6799/7fc17c3be700 App/Implementation.cpp:303 ]: Could not spawn process for application /home/hughesk/myapp: An error occured while starting up the preloader.
  Error ID: 556cbfc1
  Error details saved to: /tmp/passenger-error-TopHyN.html
  Message from application: Could not find a JavaScript runtime. See https://github.com/rails/execjs for a list of available runtimes. (ExecJS::RuntimeUnavailable)
  /var/lib/gems/1.9.1/gems/execjs-2.6.0/lib/execjs/runtimes.rb:48:in `autodetect'
  /var/lib/gems/1.9.1/gems/execjs-2.6.0/lib/execjs.rb:5:in `<module:ExecJS>'
  /var/lib/gems/1.9.1/gems/execjs-2.6.0/lib/execjs.rb:4:in `<top (required)>'
  /var/lib/gems/1.9.1/gems/coffee-script-2.4.1/lib/coffee_script.rb:1:in `require'
  /var/lib/gems/1.9.1/gems/coffee-script-2.4.1/lib/coffee_script.rb:1:in `<top (required)>'
  /var/lib/gems/1.9.1/gems/coffee-script-2.4.1/lib/coffee-script.rb:1:in `require'
  /var/lib/gems/1.9.1/gems/coffee-script-2.4.1/lib/coffee-script.rb:1:in `<top (required)>'
  /var/lib/gems/1.9.1/gems/coffee-rails-3.2.2/lib/coffee-rails.rb:1:in `require'
  /var/lib/gems/1.9.1/gems/coffee-rails-3.2.2/lib/coffee-rails.rb:1:in `<top (required)>'
  /var/lib/gems/1.9.1/gems/bundler-1.10.6/lib/bundler/runtime.rb:76:in `require'
  /var/lib/gems/1.9.1/gems/bundler-1.10.6/lib/bundler/runtime.rb:76:in `block (2 levels) in require'
  /var/lib/gems/1.9.1/gems/bundler-1.10.6/lib/bundler/runtime.rb:72:in `each'
  /var/lib/gems/1.9.1/gems/bundler-1.10.6/lib/bundler/runtime.rb:72:in `block in require'
  /var/lib/gems/1.9.1/gems/bundler-1.10.6/lib/bundler/runtime.rb:61:in `each'
  /var/lib/gems/1.9.1/gems/bundler-1.10.6/lib/bundler/runtime.rb:61:in `require'
  /var/lib/gems/1.9.1/gems/bundler-1.10.6/lib/bundler.rb:134:in `require'
  /home/hughesk/myapp/config/application.rb:7:in `<top (required)>'
  /home/hughesk/myapp/config/environment.rb:2:in `require'
  /home/hughesk/myapp/config/environment.rb:2:in `<top (required)>'
  /home/hughesk/myapp/config.ru:3:in `require'
  /home/hughesk/myapp/config.ru:3:in `block in <main>'
  /var/lib/gems/1.9.1/gems/rack-1.6.4/lib/rack/builder.rb:55:in `instance_eval'
  /var/lib/gems/1.9.1/gems/rack-1.6.4/lib/rack/builder.rb:55:in `initialize'
  /home/hughesk/myapp/config.ru:1:in `new'
  /home/hughesk/myapp/config.ru:1:in `<main>'
  /var/lib/gems/1.9.1/gems/passenger-5.0.18/helper-scripts/rack-preloader.rb:107:in `eval'
  /var/lib/gems/1.9.1/gems/passenger-5.0.18/helper-scripts/rack-preloader.rb:107:in `preload_app'
  /var/lib/gems/1.9.1/gems/passenger-5.0.18/helper-scripts/rack-preloader.rb:153:in `<module:App>'
  /var/lib/gems/1.9.1/gems/passenger-5.0.18/helper-scripts/rack-preloader.rb:29:in `<module:PhusionPassenger>'
  /var/lib/gems/1.9.1/gems/passenger-5.0.18/helper-scripts/rack-preloader.rb:28:in `<main>'


[ 2015-09-21 15:18:30.7232 6799/7fc17d3c0700 age/Cor/Req/CheckoutSession.cpp:252 ]: [Client 1-4] Cannot checkout session because a spawning error occurred. The identifier of the error is 556cbfc1. Please see earlier logs for details about the error.

[ 2015-09-21 15:18:50.2878 6799/7fc17d3c0700 age/Cor/CoreMain.cpp:507 ]: Signal received. Gracefully shutting down... (send signal 2 more time(s) to force shutdown)
[ 2015-09-21 15:18:50.2879 6799/7fc17f40a780 age/Cor/CoreMain.cpp:876 ]: Received command to shutdown gracefully. Waiting until all clients have disconnected...
[ 2015-09-21 15:18:50.2880 6799/7fc17cbbf700 Ser/Server.h:752 ]: [ApiServer] Freed 0 spare client objects
[ 2015-09-21 15:18:50.2881 6799/7fc17cbbf700 Ser/Server.h:443 ]: [ApiServer] Shutdown finished
[ 2015-09-21 15:18:50.2884 6799/7fc17d3c0700 Ser/Server.h:752 ]: [ServerThr.1] Freed 128 spare client objects
[ 2015-09-21 15:18:50.2885 6799/7fc17d3c0700 Ser/Server.h:443 ]: [ServerThr.1] Shutdown finished

[ 2015-09-21 15:18:50.2889 6804/7fb4c654d700 age/Ust/UstRouterMain.cpp:337 ]: Signal received. Gracefully shutting down... (send signal 2 more time(s) to force shutdown)
[ 2015-09-21 15:18:50.2890 6804/7fb4c83b8780 age/Ust/UstRouterMain.cpp:399 ]: Received command to shutdown gracefully. Waiting until all clients have disconnected...
[ 2015-09-21 15:18:50.2923 6799/7fc17f40a780 age/Cor/CoreMain.cpp:942 ]: Passenger core shutdown finished
[ 2015-09-21 15:18:50.3151 6804/7fb4c654d700 Ser/Server.h:752 ]: [LoggerApiServer] Freed 0 spare client objects
[ 2015-09-21 15:18:50.3152 6804/7fb4c654d700 Ser/Server.h:443 ]: [LoggerApiServer] Shutdown finished
[ 2015-09-21 15:18:50.3158 6804/7fb4c83b8780 age/Ust/UstRouterMain.cpp:424 ]: Passenger UstRouter shutdown finished
[ 2015-09-21 15:24:03.2338 7430/7f59af219780 age/Wat/WatchdogMain.cpp:1274 ]: Starting Passenger watchdog...
[ 2015-09-21 15:24:03.3863 7433/7fb14a066780 age/Cor/CoreMain.cpp:957 ]: Starting Passenger core...
[ 2015-09-21 15:24:03.3873 7433/7fb14a066780 age/Cor/CoreMain.cpp:234 ]: Passenger core running in multi-application mode.
[ 2015-09-21 15:24:03.3913 7433/7fb14a066780 age/Cor/CoreMain.cpp:707 ]: Passenger core online, PID 7433
[ 2015-09-21 15:24:03.6795 7438/7f57cbe56780 age/Ust/UstRouterMain.cpp:430 ]: Starting Passenger UstRouter...
[ 2015-09-21 15:24:03.7431 7438/7f57cbe56780 age/Ust/UstRouterMain.cpp:311 ]: Passenger UstRouter online, PID 7438
App 7472 stdout: 
App 7491 stdout: 
App 7498 stdout: 

[ 2015-09-21 15:25:27.6395 7433/7fb14801c700 age/Cor/CoreMain.cpp:507 ]: Signal received. Gracefully shutting down... (send signal 2 more time(s) to force shutdown)
[ 2015-09-21 15:25:27.6396 7433/7fb14a066780 age/Cor/CoreMain.cpp:876 ]: Received command to shutdown gracefully. Waiting until all clients have disconnected...
[ 2015-09-21 15:25:27.6397 7433/7fb14a066780 age/Cor/CoreMain.cpp:794 ]: Disconnecting long-running connections for process 7491, application /home/hughesk/myapp/public (development)
[ 2015-09-21 15:25:27.6397 7433/7fb14a066780 age/Cor/CoreMain.cpp:794 ]: Disconnecting long-running connections for process 7498, application /home/hughesk/myapp/public (development)
[ 2015-09-21 15:25:27.6398 7433/7fb14781b700 Ser/Server.h:752 ]: [ApiServer] Freed 0 spare client objects
[ 2015-09-21 15:25:27.6398 7433/7fb14781b700 Ser/Server.h:443 ]: [ApiServer] Shutdown finished
[ 2015-09-21 15:25:27.6399 7433/7fb14801c700 Ser/Server.h:752 ]: [ServerThr.1] Freed 128 spare client objects
[ 2015-09-21 15:25:27.6401 7433/7fb14801c700 Ser/Server.h:443 ]: [ServerThr.1] Shutdown finished
[ 2015-09-21 15:25:27.6402 7433/7fb14a066780 age/Cor/CoreMain.cpp:794 ]: Disconnecting long-running connections for process 7491, application /home/hughesk/myapp/public (development)
[ 2015-09-21 15:25:27.6402 7433/7fb14a066780 age/Cor/CoreMain.cpp:794 ]: Disconnecting long-running connections for process 7498, application /home/hughesk/myapp/public (development)

[ 2015-09-21 15:25:27.6469 7438/7f57c9feb700 age/Ust/UstRouterMain.cpp:337 ]: Signal received. Gracefully shutting down... (send signal 2 more time(s) to force shutdown)
[ 2015-09-21 15:25:27.6469 7438/7f57cbe56780 age/Ust/UstRouterMain.cpp:399 ]: Received command to shutdown gracefully. Waiting until all clients have disconnected...
[ 2015-09-21 15:25:27.6547 7438/7f57c9feb700 Ser/Server.h:752 ]: [LoggerApiServer] Freed 0 spare client objects
[ 2015-09-21 15:25:27.6548 7438/7f57c9feb700 Ser/Server.h:443 ]: [LoggerApiServer] Shutdown finished
[ 2015-09-21 15:25:27.6597 7438/7f57cbe56780 age/Ust/UstRouterMain.cpp:424 ]: Passenger UstRouter shutdown finished
[ 2015-09-21 15:25:27.9787 7433/7fb14a066780 age/Cor/CoreMain.cpp:942 ]: Passenger core shutdown finished
